<?xml version="1.0" encoding="UTF-8"?>
<!-- Generated by org.testng.reporters.JUnitReportReporter -->
<testsuite skipped="0" hostname="LAPTOP-C4QLKEEG" name="testng.Test1" tests="1" failures="0" timestamp="2021-11-09T18:12:34 IST" time="0.029" errors="0">
  <testcase name="demo" time="0.029" classname="testng.Test1"/>
  <system-out>
    <![CDATA[Hello java
hello selenium]]>
  </system-out>
</testsuite> <!-- testng.Test1 -->
